app/build/intermediates/manifest_merge_blame_file/release/manifest-merger-blame-release-report.txt
1<?xml version="1.0" encoding="utf-8"?>
2<manifest xmlns:android="http://schemas.android.com/apk/res/android"
3    package="com.maxiptv"
4    android:versionCode="154"
5    android:versionName="1.0.154" >
6
7    <uses-sdk
8        android:minSdkVersion="21"
9        android:targetSdkVersion="34" />
10
11    <uses-permission android:name="android.permission.INTERNET" />
11-->src\main\AndroidManifest.xml:70:3-65
11-->src\main\AndroidManifest.xml:70:20-62
12    <uses-permission android:name="android.permission.ACCESS_NETWORK_STATE" />
12-->src\main\AndroidManifest.xml:71:3-77
12-->src\main\AndroidManifest.xml:71:20-74
13    <uses-permission android:name="android.permission.REQUEST_INSTALL_PACKAGES" />
13-->src\main\AndroidManifest.xml:72:3-81
13-->src\main\AndroidManifest.xml:72:20-78
14
15    <uses-feature
15-->src\main\AndroidManifest.xml:73:3-85
16        android:name="android.software.leanback"
16-->src\main\AndroidManifest.xml:73:17-57
17        android:required="false" />
17-->src\main\AndroidManifest.xml:73:58-82
18    <uses-feature
18-->src\main\AndroidManifest.xml:74:3-88
19        android:name="android.hardware.touchscreen"
19-->src\main\AndroidManifest.xml:74:17-60
20        android:required="false" />
20-->src\main\AndroidManifest.xml:74:61-85
21
22    <!-- 🎮 CONFIGURAÇÕES ESPECÍFICAS PARA FIRE STICK D-PAD -->
23    <uses-feature
23-->src\main\AndroidManifest.xml:77:3-84
24        android:name="android.hardware.gamepad"
24-->src\main\AndroidManifest.xml:77:17-56
25        android:required="false" />
25-->src\main\AndroidManifest.xml:77:57-81
26    <uses-feature
26-->src\main\AndroidManifest.xml:78:3-90
27        android:name="android.software.input_methods"
27-->src\main\AndroidManifest.xml:78:17-62
28        android:required="false" />
28-->src\main\AndroidManifest.xml:78:63-87
29
30    <permission
30-->[androidx.core:core:1.13.1] AndroidManifest.xml:22:5-24:47
31        android:name="com.maxiptv.DYNAMIC_RECEIVER_NOT_EXPORTED_PERMISSION"
31-->[androidx.core:core:1.13.1] AndroidManifest.xml:23:9-81
32        android:protectionLevel="signature" />
32-->[androidx.core:core:1.13.1] AndroidManifest.xml:24:9-44
33
34    <uses-permission android:name="com.maxiptv.DYNAMIC_RECEIVER_NOT_EXPORTED_PERMISSION" />
34-->[androidx.core:core:1.13.1] AndroidManifest.xml:26:5-97
34-->[androidx.core:core:1.13.1] AndroidManifest.xml:26:22-94
35
36    <application
36-->src\main\AndroidManifest.xml:3:3-68:17
37        android:name="com.maxiptv.MaxiApp"
37-->src\main\AndroidManifest.xml:4:5-28
38        android:appComponentFactory="androidx.core.app.CoreComponentFactory"
38-->[androidx.core:core:1.13.1] AndroidManifest.xml:28:18-86
39        android:banner="@mipmap/ic_launcher"
39-->src\main\AndroidManifest.xml:7:5-41
40        android:extractNativeLibs="true"
41        android:icon="@mipmap/ic_launcher"
41-->src\main\AndroidManifest.xml:6:5-39
42        android:label="@string/app_name"
42-->src\main\AndroidManifest.xml:5:5-37
43        android:networkSecurityConfig="@xml/network_security_config"
43-->src\main\AndroidManifest.xml:9:5-65
44        android:usesCleartextTraffic="true" >
44-->src\main\AndroidManifest.xml:8:5-40
45        <activity
45-->src\main\AndroidManifest.xml:10:5-18:43
46            android:name="com.maxiptv.ui.player.PlayerActivity"
46-->src\main\AndroidManifest.xml:11:7-47
47            android:configChanges="keyboard|keyboardHidden|orientation|screenLayout|screenSize|smallestScreenSize|uiMode"
47-->src\main\AndroidManifest.xml:16:7-116
48            android:exported="false"
48-->src\main\AndroidManifest.xml:12:7-31
49            android:launchMode="singleTop"
49-->src\main\AndroidManifest.xml:13:7-37
50            android:resizeableActivity="true"
50-->src\main\AndroidManifest.xml:18:7-40
51            android:screenOrientation="sensorLandscape"
51-->src\main\AndroidManifest.xml:15:7-50
52            android:supportsPictureInPicture="true"
52-->src\main\AndroidManifest.xml:17:7-46
53            android:theme="@android:style/Theme.Black.NoTitleBar.Fullscreen" />
53-->src\main\AndroidManifest.xml:14:7-71
54        <activity
54-->src\main\AndroidManifest.xml:19:11-22:58
55            android:name="com.maxiptv.ui.screens.AdminActivity"
55-->src\main\AndroidManifest.xml:20:13-53
56            android:exported="false"
56-->src\main\AndroidManifest.xml:21:13-37
57            android:windowSoftInputMode="adjustResize" />
57-->src\main\AndroidManifest.xml:22:13-55
58        <activity
58-->src\main\AndroidManifest.xml:23:5-56:16
59            android:name="com.maxiptv.MainActivity"
59-->src\main\AndroidManifest.xml:24:7-35
60            android:alwaysRetainTaskState="true"
60-->src\main\AndroidManifest.xml:27:7-43
61            android:configChanges="keyboard|keyboardHidden|orientation|screenLayout|screenSize|smallestScreenSize|uiMode"
61-->src\main\AndroidManifest.xml:29:7-116
62            android:exported="true"
62-->src\main\AndroidManifest.xml:25:7-30
63            android:launchMode="singleTask"
63-->src\main\AndroidManifest.xml:26:7-38
64            android:screenOrientation="sensor"
64-->src\main\AndroidManifest.xml:30:7-41
65            android:stateNotNeeded="false" >
65-->src\main\AndroidManifest.xml:28:7-37
66            <intent-filter>
66-->src\main\AndroidManifest.xml:31:7-35:23
67                <action android:name="android.intent.action.MAIN" />
67-->src\main\AndroidManifest.xml:32:9-61
67-->src\main\AndroidManifest.xml:32:17-58
68
69                <category android:name="android.intent.category.LAUNCHER" />
69-->src\main\AndroidManifest.xml:33:9-69
69-->src\main\AndroidManifest.xml:33:19-66
70                <category android:name="android.intent.category.LEANBACK_LAUNCHER" />
70-->src\main\AndroidManifest.xml:34:9-78
70-->src\main\AndroidManifest.xml:34:19-75
71            </intent-filter>
72
73            <!-- Deep Link para receber código após download -->
74            <intent-filter>
74-->src\main\AndroidManifest.xml:38:7-45:23
75                <action android:name="android.intent.action.VIEW" />
75-->src\main\AndroidManifest.xml:39:9-61
75-->src\main\AndroidManifest.xml:39:17-58
76
77                <category android:name="android.intent.category.DEFAULT" />
77-->src\main\AndroidManifest.xml:40:9-68
77-->src\main\AndroidManifest.xml:40:19-65
78                <category android:name="android.intent.category.BROWSABLE" />
78-->src\main\AndroidManifest.xml:41:9-70
78-->src\main\AndroidManifest.xml:41:19-67
79
80                <data
80-->src\main\AndroidManifest.xml:42:9-44:34
81                    android:host="login"
81-->src\main\AndroidManifest.xml:44:11-31
82                    android:scheme="maxiptv" />
82-->src\main\AndroidManifest.xml:43:11-35
83            </intent-filter>
84
85            <!-- Intent Filter para receber código do downloader -->
86            <intent-filter>
86-->src\main\AndroidManifest.xml:48:7-55:23
87                <action android:name="android.intent.action.VIEW" />
87-->src\main\AndroidManifest.xml:39:9-61
87-->src\main\AndroidManifest.xml:39:17-58
88
89                <category android:name="android.intent.category.DEFAULT" />
89-->src\main\AndroidManifest.xml:40:9-68
89-->src\main\AndroidManifest.xml:40:19-65
90                <category android:name="android.intent.category.BROWSABLE" />
90-->src\main\AndroidManifest.xml:41:9-70
90-->src\main\AndroidManifest.xml:41:19-67
91
92                <data android:scheme="https" />
92-->src\main\AndroidManifest.xml:42:9-44:34
92-->src\main\AndroidManifest.xml:43:11-35
93                <data android:host="maxiptv-update-1.onrender.com" />
93-->src\main\AndroidManifest.xml:42:9-44:34
93-->src\main\AndroidManifest.xml:44:11-31
94                <data android:pathPrefix="/open" />
94-->src\main\AndroidManifest.xml:42:9-44:34
94-->src\main\AndroidManifest.xml:54:15-41
95            </intent-filter>
96        </activity>
97
98        <!-- FileProvider para instalação de APK -->
99        <provider
100            android:name="androidx.core.content.FileProvider"
100-->src\main\AndroidManifest.xml:60:7-56
101            android:authorities="com.maxiptv.fileprovider"
101-->src\main\AndroidManifest.xml:61:7-58
102            android:exported="false"
102-->src\main\AndroidManifest.xml:62:7-31
103            android:grantUriPermissions="true" >
103-->src\main\AndroidManifest.xml:63:7-41
104            <meta-data
104-->src\main\AndroidManifest.xml:64:7-66:46
105                android:name="android.support.FILE_PROVIDER_PATHS"
105-->src\main\AndroidManifest.xml:65:9-59
106                android:resource="@xml/file_paths" />
106-->src\main\AndroidManifest.xml:66:9-43
107        </provider>
108        <provider
108-->[androidx.emoji2:emoji2:1.3.0] AndroidManifest.xml:24:9-32:20
109            android:name="androidx.startup.InitializationProvider"
109-->[androidx.emoji2:emoji2:1.3.0] AndroidManifest.xml:25:13-67
110            android:authorities="com.maxiptv.androidx-startup"
110-->[androidx.emoji2:emoji2:1.3.0] AndroidManifest.xml:26:13-68
111            android:exported="false" >
111-->[androidx.emoji2:emoji2:1.3.0] AndroidManifest.xml:27:13-37
112            <meta-data
112-->[androidx.emoji2:emoji2:1.3.0] AndroidManifest.xml:29:13-31:52
113                android:name="androidx.emoji2.text.EmojiCompatInitializer"
113-->[androidx.emoji2:emoji2:1.3.0] AndroidManifest.xml:30:17-75
114                android:value="androidx.startup" />
114-->[androidx.emoji2:emoji2:1.3.0] AndroidManifest.xml:31:17-49
115            <meta-data
115-->[androidx.lifecycle:lifecycle-process:2.8.3] AndroidManifest.xml:29:13-31:52
116                android:name="androidx.lifecycle.ProcessLifecycleInitializer"
116-->[androidx.lifecycle:lifecycle-process:2.8.3] AndroidManifest.xml:30:17-78
117                android:value="androidx.startup" />
117-->[androidx.lifecycle:lifecycle-process:2.8.3] AndroidManifest.xml:31:17-49
118            <meta-data
118-->[androidx.profileinstaller:profileinstaller:1.3.1] AndroidManifest.xml:29:13-31:52
119                android:name="androidx.profileinstaller.ProfileInstallerInitializer"
119-->[androidx.profileinstaller:profileinstaller:1.3.1] AndroidManifest.xml:30:17-85
120                android:value="androidx.startup" />
120-->[androidx.profileinstaller:profileinstaller:1.3.1] AndroidManifest.xml:31:17-49
121        </provider>
122
123        <receiver
123-->[androidx.profileinstaller:profileinstaller:1.3.1] AndroidManifest.xml:34:9-52:20
124            android:name="androidx.profileinstaller.ProfileInstallReceiver"
124-->[androidx.profileinstaller:profileinstaller:1.3.1] AndroidManifest.xml:35:13-76
125            android:directBootAware="false"
125-->[androidx.profileinstaller:profileinstaller:1.3.1] AndroidManifest.xml:36:13-44
126            android:enabled="true"
126-->[androidx.profileinstaller:profileinstaller:1.3.1] AndroidManifest.xml:37:13-35
127            android:exported="true"
127-->[androidx.profileinstaller:profileinstaller:1.3.1] AndroidManifest.xml:38:13-36
128            android:permission="android.permission.DUMP" >
128-->[androidx.profileinstaller:profileinstaller:1.3.1] AndroidManifest.xml:39:13-57
129            <intent-filter>
129-->[androidx.profileinstaller:profileinstaller:1.3.1] AndroidManifest.xml:40:13-42:29
130                <action android:name="androidx.profileinstaller.action.INSTALL_PROFILE" />
130-->[androidx.profileinstaller:profileinstaller:1.3.1] AndroidManifest.xml:41:17-91
130-->[androidx.profileinstaller:profileinstaller:1.3.1] AndroidManifest.xml:41:25-88
131            </intent-filter>
132            <intent-filter>
132-->[androidx.profileinstaller:profileinstaller:1.3.1] AndroidManifest.xml:43:13-45:29
133                <action android:name="androidx.profileinstaller.action.SKIP_FILE" />
133-->[androidx.profileinstaller:profileinstaller:1.3.1] AndroidManifest.xml:44:17-85
133-->[androidx.profileinstaller:profileinstaller:1.3.1] AndroidManifest.xml:44:25-82
134            </intent-filter>
135            <intent-filter>
135-->[androidx.profileinstaller:profileinstaller:1.3.1] AndroidManifest.xml:46:13-48:29
136                <action android:name="androidx.profileinstaller.action.SAVE_PROFILE" />
136-->[androidx.profileinstaller:profileinstaller:1.3.1] AndroidManifest.xml:47:17-88
136-->[androidx.profileinstaller:profileinstaller:1.3.1] AndroidManifest.xml:47:25-85
137            </intent-filter>
138            <intent-filter>
138-->[androidx.profileinstaller:profileinstaller:1.3.1] AndroidManifest.xml:49:13-51:29
139                <action android:name="androidx.profileinstaller.action.BENCHMARK_OPERATION" />
139-->[androidx.profileinstaller:profileinstaller:1.3.1] AndroidManifest.xml:50:17-95
139-->[androidx.profileinstaller:profileinstaller:1.3.1] AndroidManifest.xml:50:25-92
140            </intent-filter>
141        </receiver>
142    </application>
143
144</manifest>